Determining if the pthread_create exist failed with the following output:
Change Dir: /home/lenovo/CLionProjects/CalculateRotAngle/build/CMakeFiles/CMakeTmp

Run Build Command:"/usr/bin/make" "cmTC_9dbbe/fast"
/usr/bin/make -f CMakeFiles/cmTC_9dbbe.dir/build.make CMakeFiles/cmTC_9dbbe.dir/build
make[1]: 正在进入目录 `/home/lenovo/CLionProjects/CalculateRotAngle/build/CMakeFiles/CMakeTmp'
Building C object CMakeFiles/cmTC_9dbbe.dir/CheckSymbolExists.c.o
/usr/bin/cc    -o CMakeFiles/cmTC_9dbbe.dir/CheckSymbolExists.c.o   -c /home/lenovo/CLionProjects/CalculateRotAngle/build/CMakeFiles/CMakeTmp/CheckSymbolExists.c
Linking C executable cmTC_9dbbe
/usr/local/bin/cmake -E cmake_link_script CMakeFiles/cmTC_9dbbe.dir/link.txt --verbose=1
/usr/bin/cc      -rdynamic CMakeFiles/cmTC_9dbbe.dir/CheckSymbolExists.c.o  -o cmTC_9dbbe 
CMakeFiles/cmTC_9dbbe.dir/CheckSymbolExists.c.o：在函数‘main’中：
CheckSymbolExists.c:(.text+0x16)：对‘pthread_create’未定义的引用
collect2: error: ld returned 1 exit status
make[1]: *** [cmTC_9dbbe] 错误 1
make[1]:正在离开目录 `/home/lenovo/CLionProjects/CalculateRotAngle/build/CMakeFiles/CMakeTmp'
make: *** [cmTC_9dbbe/fast] 错误 2

File /home/lenovo/CLionProjects/CalculateRotAngle/build/CMakeFiles/CMakeTmp/CheckSymbolExists.c:
/* */
#include <pthread.h>

int main(int argc, char** argv)
{
  (void)argv;
#ifndef pthread_create
  return ((int*)(&pthread_create))[argc];
#else
  (void)argc;
  return 0;
#endif
}

Determining if the function pthread_create exists in the pthreads failed with the following output:
Change Dir: /home/lenovo/CLionProjects/CalculateRotAngle/build/CMakeFiles/CMakeTmp

Run Build Command:"/usr/bin/make" "cmTC_7ba88/fast"
/usr/bin/make -f CMakeFiles/cmTC_7ba88.dir/build.make CMakeFiles/cmTC_7ba88.dir/build
make[1]: 正在进入目录 `/home/lenovo/CLionProjects/CalculateRotAngle/build/CMakeFiles/CMakeTmp'
Building C object CMakeFiles/cmTC_7ba88.dir/CheckFunctionExists.c.o
/usr/bin/cc   -DCHECK_FUNCTION_EXISTS=pthread_create   -o CMakeFiles/cmTC_7ba88.dir/CheckFunctionExists.c.o   -c /usr/local/share/cmake-3.9/Modules/CheckFunctionExists.c
Linking C executable cmTC_7ba88
/usr/local/bin/cmake -E cmake_link_script CMakeFiles/cmTC_7ba88.dir/link.txt --verbose=1
/usr/bin/cc  -DCHECK_FUNCTION_EXISTS=pthread_create    -rdynamic CMakeFiles/cmTC_7ba88.dir/CheckFunctionExists.c.o  -o cmTC_7ba88 -lpthreads 
/usr/bin/ld: 找不到 -lpthreads
collect2: error: ld returned 1 exit status
make[1]: *** [cmTC_7ba88] 错误 1
make[1]:正在离开目录 `/home/lenovo/CLionProjects/CalculateRotAngle/build/CMakeFiles/CMakeTmp'
make: *** [cmTC_7ba88/fast] 错误 2


